{"level":"error","message":"Validation error","timestamp":"2023-09-28T14:12:49.933Z"}
{"level":"error","message":"Validation error","timestamp":"2023-09-28T14:12:54.329Z"}
{"level":"error","message":"Validation error","timestamp":"2023-09-28T14:12:55.468Z"}
{"level":"error","message":"Validation error","timestamp":"2023-09-28T14:13:07.187Z"}
{"level":"error","message":"Validation error","timestamp":"2023-09-28T14:17:03.277Z"}
{"level":"error","message":"Validation error","timestamp":"2023-09-28T14:17:16.287Z"}
{"level":"error","message":"Validation error","timestamp":"2023-09-28T14:17:26.306Z"}
{"level":"error","message":"Validation error","timestamp":"2023-09-28T14:18:57.596Z"}
{"level":"error","message":"Validation error","timestamp":"2023-09-28T14:18:57.649Z"}
{"level":"error","message":"Validation error","timestamp":"2023-09-28T14:19:10.482Z"}
{"level":"error","message":"Validation error","timestamp":"2023-09-28T14:19:23.432Z"}
{"level":"error","message":"Validation error","timestamp":"2023-09-28T14:19:23.580Z"}
{"level":"error","message":"Validation error","timestamp":"2023-09-28T14:19:25.173Z"}
{"level":"error","message":"Validation error","timestamp":"2023-09-28T14:19:26.757Z"}
{"level":"error","message":"Validation error","timestamp":"2023-09-28T14:19:52.054Z"}
{"level":"error","message":"Validation error","timestamp":"2023-09-28T14:20:07.899Z"}
{"level":"error","message":"Validation error","timestamp":"2023-09-28T14:20:09.052Z"}
{"level":"error","message":"Validation error","timestamp":"2023-09-28T14:40:14.587Z"}
{"level":"error","message":"Validation error","timestamp":"2023-09-28T14:40:14.697Z"}
{"level":"error","message":"Validation error","timestamp":"2023-09-28T14:41:38.813Z"}
{"level":"error","message":"Validation error","timestamp":"2023-09-28T14:43:48.207Z"}
{"level":"error","message":"Validation error","timestamp":"2023-09-28T14:43:48.256Z"}
{"level":"error","message":"Validation error","timestamp":"2023-09-28T14:43:48.495Z"}
{"level":"error","message":"Validation error","timestamp":"2023-09-28T14:43:48.678Z"}
{"level":"error","message":"Validation error","timestamp":"2023-09-28T14:44:07.824Z"}
{"level":"error","message":"Validation error","timestamp":"2023-09-28T14:44:07.909Z"}
{"level":"error","message":"Validation error","timestamp":"2023-09-28T14:44:46.937Z"}
{"level":"error","message":"Validation error","timestamp":"2023-09-28T14:44:47.962Z"}
{"level":"error","message":"Validation error","timestamp":"2023-09-28T14:44:50.175Z"}
{"level":"error","message":"Validation error","timestamp":"2023-09-28T14:44:50.386Z"}
{"level":"error","message":"Validation error","timestamp":"2023-09-28T14:44:58.664Z"}
{"level":"error","message":"Validation error","timestamp":"2023-09-28T14:44:59.503Z"}
{"level":"error","message":"Validation error","timestamp":"2023-09-28T14:45:04.846Z"}
{"level":"error","message":"Validation error","timestamp":"2023-09-28T14:45:12.220Z"}
{"level":"error","message":"Validation error","timestamp":"2023-09-28T14:45:49.318Z"}
{"level":"error","message":"Validation error","timestamp":"2023-09-28T14:45:50.627Z"}
{"level":"error","message":"Validation error","timestamp":"2023-09-28T14:45:59.720Z"}
{"level":"error","message":"Validation error","timestamp":"2023-09-28T14:46:10.910Z"}
{"level":"error","message":"Validation error","timestamp":"2023-09-28T14:46:11.006Z"}
{"level":"error","message":"Validation error","timestamp":"2023-09-28T14:46:11.675Z"}
{"level":"error","message":"Validation error","timestamp":"2023-09-28T14:46:22.474Z"}
{"level":"error","message":"Validation error","timestamp":"2023-09-28T14:46:23.611Z"}
{"level":"error","message":"Validation error","timestamp":"2023-09-28T14:46:41.510Z"}
{"level":"error","message":"Validation error","timestamp":"2023-09-28T14:46:41.639Z"}
{"level":"error","message":"Validation error","timestamp":"2023-09-28T14:46:42.579Z"}
{"level":"error","message":"Validation error","timestamp":"2023-09-28T14:47:02.383Z"}
{"level":"error","message":"Validation error","timestamp":"2023-09-28T14:49:16.406Z"}
{"level":"error","message":"Validation error","timestamp":"2023-09-28T14:49:30.550Z"}
{"level":"error","message":"Validation error","timestamp":"2023-09-28T14:49:43.325Z"}
{"level":"error","message":"Validation error","timestamp":"2023-09-28T14:49:44.208Z"}
{"level":"error","message":"Validation error","timestamp":"2023-09-28T14:49:45.066Z"}
{"level":"error","message":"Validation error","timestamp":"2023-09-28T14:50:10.265Z"}
{"level":"error","message":"Validation error","timestamp":"2023-09-28T14:50:33.836Z"}
{"level":"error","message":"Validation error","timestamp":"2023-09-28T15:03:49.041Z"}
{"level":"error","message":"Validation error","timestamp":"2023-09-28T15:04:17.467Z"}
{"level":"error","message":"Validation error","timestamp":"2023-09-28T15:10:14.770Z"}
{"level":"error","message":"Validation error","timestamp":"2023-09-28T15:11:06.130Z"}
{"level":"error","message":"Validation error","timestamp":"2023-09-28T15:11:22.941Z"}
{"level":"error","message":"Validation error","timestamp":"2023-09-28T15:11:52.176Z"}
{"level":"error","message":"Validation error","timestamp":"2023-09-28T15:13:06.394Z"}
{"level":"error","message":"Validation error","timestamp":"2023-09-28T15:13:46.926Z"}
{"level":"error","message":"Validation errorundefined","timestamp":"2023-09-28T15:14:34.153Z"}
{"level":"error","message":"Validation erroruser.controller.js + line 49","timestamp":"2023-09-28T15:15:15.181Z"}
{"level":"error","message":"Validation error user.controller.js + line 49","timestamp":"2023-09-28T15:15:33.019Z"}
{"level":"error","message":"Validation error user.controller.js + line 49","timestamp":"2023-09-28T15:15:47.011Z"}
{"level":"error","message":"Validation error user.controller.js + line 49","timestamp":"2023-09-28T15:15:47.147Z"}
{"level":"error","message":"Validation error user.controller.js + line 49","timestamp":"2023-09-28T15:15:47.318Z"}
{"level":"error","message":"Validation error user.controller.js + line 49","timestamp":"2023-09-28T15:15:48.379Z"}
{"level":"error","message":"Validation error user.controller.js + line 49","timestamp":"2023-09-28T15:15:48.571Z"}
{"level":"error","message":"Validation error user.controller.js + line 49","timestamp":"2023-09-28T15:15:48.823Z"}
{"level":"error","message":"SequelizeUniqueConstraintError: Validation error","timestamp":"2023-09-28T15:16:21.253Z"}
{"level":"error","message":"Error\n    at store (/Applications/MAMP/htdocs/react-express-starter/server_backend/controllers/admin/user.controller.js:49:34)\n    at process.processTicksAndRejections (node:internal/process/task_queues:95:5)","timestamp":"2023-09-28T15:17:03.063Z"}
{"level":"error","timestamp":"2023-09-28T15:17:49.850Z"}
{"level":"error","timestamp":"2023-09-28T15:19:18.712Z"}
{"level":"error","timestamp":"2023-09-28T15:19:46.880Z"}
{"level":"error","timestamp":"2023-09-28T15:20:31.403Z"}
